[02Nov2024 00:03:35.695] [Server thread/INFO] [net.minecraft.server.MinecraftServer/]: myrtila drowned
[02Nov2024 00:03:43.598] [Server thread/INFO] [net.minecraft.server.MinecraftServer/]: myrtila died
[02Nov2024 00:04:10.601] [Server thread/INFO] [net.minecraft.server.MinecraftServer/]: myrtila died
[02Nov2024 00:04:21.764] [Server thread/INFO] [net.minecraft.server.MinecraftServer/]: myrtila died
[02Nov2024 00:04:37.534] [Server thread/INFO] [net.minecraft.server.MinecraftServer/]: myrtila died
[02Nov2024 00:04:40.400] [Server thread/INFO] [net.minecraft.server.MinecraftServer/]: myrtila died
[02Nov2024 00:04:48.455] [Server thread/INFO] [net.minecraft.server.MinecraftServer/]: <canechi> lvpvs myrti è morta nell'acqua
[02Nov2024 00:04:55.483] [Server thread/INFO] [net.minecraft.server.MinecraftServer/]: <canechi> la puoi tippare da me che non me la fa curare
[02Nov2024 00:05:01.412] [Server thread/INFO] [net.minecraft.server.MinecraftServer/]: <Lvpvss> no
[02Nov2024 00:05:03.801] [Server thread/INFO] [net.minecraft.server.MinecraftServer/]: <canechi> ok
[02Nov2024 00:05:08.399] [Server thread/INFO] [net.minecraft.server.MinecraftServer/]: myrtila died
[02Nov2024 00:05:12.617] [Server thread/INFO] [net.minecraft.server.MinecraftServer/]: <Lvpvss> abbiamo detto basta cheat
[02Nov2024 00:05:17.702] [Server thread/INFO] [net.minecraft.server.MinecraftServer/]: <Lvpvss> impara
[02Nov2024 00:05:20.399] [Server thread/INFO] [net.minecraft.server.MinecraftServer/]: myrtila died
[02Nov2024 00:05:30.110] [Server thread/INFO] [net.minecraft.server.MinecraftServer/]: <Francohh> bruh
[02Nov2024 00:05:53.306] [Server thread/INFO] [net.minecraft.server.MinecraftServer/]: myrtila died
[02Nov2024 00:06:22.549] [Server thread/INFO] [net.minecraft.server.MinecraftServer/]: <canechi> ok salvata anche senza cheat hai visto che bravo lvpvs !!!
[02Nov2024 00:06:43.793] [Server thread/INFO] [net.minecraft.server.MinecraftServer/]: <Francohh> dai fortissimo
[02Nov2024 00:06:49.412] [Server thread/INFO] [net.minecraft.server.MinecraftServer/]: <Francohh> mi manchi
[02Nov2024 00:16:45.654] [Server thread/INFO] [net.minecraft.server.MinecraftServer/]: <canechi> avete gli zaini con i letti ?
[02Nov2024 00:16:57.760] [Server thread/INFO] [net.minecraft.server.MinecraftServer/]: <Francohh> boh
[02Nov2024 00:17:00.826] [Server thread/INFO] [net.minecraft.server.MinecraftServer/]: <Lvpvss> tsi
[02Nov2024 00:17:02.765] [Server thread/INFO] [net.minecraft.server.MinecraftServer/]: <Lvpvss> si
[02Nov2024 00:17:04.525] [Server thread/INFO] [net.minecraft.server.MinecraftServer/]: <canechi> tu no già lo so matte
[02Nov2024 00:17:09.184] [Server thread/INFO] [net.minecraft.server.MinecraftServer/]: <canechi> quello che ti ho dato non lo ha
[02Nov2024 00:17:14.186] [Server thread/INFO] [net.minecraft.server.MinecraftServer/]: <canechi> dio esploso
[02Nov2024 00:19:58.248] [Server thread/INFO] [net.minecraft.server.MinecraftServer/]: Francohh was slain by Zombie
[02Nov2024 00:20:04.420] [Server thread/INFO] [net.minecraft.server.MinecraftServer/]: <canechi> nooooooooo francoooooooooooooooooo
[02Nov2024 00:26:34.203] [Server thread/INFO] [net.minecraft.server.MinecraftServer/]: <Francohh> ANTO AIUTO
[02Nov2024 00:26:40.261] [Server thread/INFO] [net.minecraft.server.MinecraftServer/]: <Lvpvss> arrivo
[02Nov2024 00:26:46.701] [Server thread/INFO] [net.minecraft.server.MinecraftServer/]: Francohh was slain by Zombie
[02Nov2024 00:26:52.096] [Server thread/INFO] [net.minecraft.server.MinecraftServer/]: <Lvpvss> lol
[02Nov2024 00:27:37.100] [Server thread/INFO] [net.minecraft.server.MinecraftServer/]: <canechi> vengo io amore mio matteo
[02Nov2024 00:30:04.549] [Server thread/INFO] [net.minecraft.server.MinecraftServer/]: <canechi> lvpvs
[02Nov2024 00:30:12.641] [Server thread/INFO] [net.minecraft.server.MinecraftServer/]: Francohh was eviscerated by Lvpvss's vexes
[02Nov2024 00:30:13.452] [Server thread/INFO] [net.minecraft.server.MinecraftServer/]: <canechi> sai perchè li da voi mi frame laggava così tanto?
[02Nov2024 00:30:22.692] [Server thread/INFO] [net.minecraft.server.MinecraftServer/]: Francohh was eviscerated by Lvpvss's vexes
[02Nov2024 00:30:42.658] [Server thread/INFO] [net.minecraft.server.network.ServerGamePacketListenerImpl/]: Francohh lost connection: Disconnected
[02Nov2024 00:30:42.658] [Server thread/INFO] [net.minecraft.server.MinecraftServer/]: Francohh left the game
[02Nov2024 00:30:42.659] [Server thread/INFO] [com.alrex.parcool.ParCool/]: Limitation of e454ea27-4d09-4d4b-96e9-ed2354294ea3 was unloaded
[02Nov2024 00:30:42.659] [Server thread/INFO] [voicechat/]: [voicechat] Disconnecting client Francohh
[02Nov2024 00:30:46.095] [Server thread/INFO] [net.minecraft.server.MinecraftServer/]: <canechi> ecco perchè non esploro mai con lvpvs, le sue magie di merda mi ammazzano
[02Nov2024 00:30:51.152] [User Authenticator #10/INFO] [net.minecraft.server.network.ServerLoginPacketListenerImpl/]: UUID of player Francohh is e454ea27-4d09-4d4b-96e9-ed2354294ea3
[02Nov2024 00:30:53.150] [Server thread/INFO] [net.minecraft.server.MinecraftServer/]: <Lvpvss> dai
[02Nov2024 00:30:57.371] [Server thread/INFO] [net.minecraft.server.players.PlayerList/]: Francohh[/127.202.131.217:55865] logged in with entity id 83852 at (724.8208363415903, 45.0, 23.113489343209416)
[02Nov2024 00:30:57.384] [Server thread/INFO] [net.minecraft.server.MinecraftServer/]: Francohh joined the game
[02Nov2024 00:30:57.493] [Server thread/INFO] [Jade/]: Syncing config to Francohh (e454ea27-4d09-4d4b-96e9-ed2354294ea3)
[02Nov2024 00:30:58.352] [Server thread/INFO] [voicechat/]: [voicechat] Received secret request of Francohh (18)
[02Nov2024 00:30:58.353] [Server thread/INFO] [voicechat/]: [voicechat] Sent secret to Francohh
[02Nov2024 00:30:58.369] [Server thread/INFO] [com.alrex.parcool.ParCool/]: Limitation of e454ea27-4d09-4d4b-96e9-ed2354294ea3 was loaded
[02Nov2024 00:31:03.150] [Server thread/INFO] [net.minecraft.server.MinecraftServer/]: <canechi> comunque possibile che non abbiamo la pelle a casa
[02Nov2024 00:31:07.319] [VoiceChatPacketProcessingThread/INFO] [voicechat/]: [voicechat] Successfully authenticated player e454ea27-4d09-4d4b-96e9-ed2354294ea3
[02Nov2024 00:31:08.320] [VoiceChatPacketProcessingThread/INFO] [voicechat/]: [voicechat] Successfully validated connection of player e454ea27-4d09-4d4b-96e9-ed2354294ea3
[02Nov2024 00:31:08.320] [VoiceChatPacketProcessingThread/INFO] [voicechat/]: [voicechat] Player Francohh (e454ea27-4d09-4d4b-96e9-ed2354294ea3) successfully connected to voice chat
[02Nov2024 00:31:13.868] [Server thread/INFO] [net.minecraft.server.MinecraftServer/]: <Lvpvss> c'è
[02Nov2024 00:31:18.196] [Server thread/INFO] [net.minecraft.server.MinecraftServer/]: <canechi> solo quella moddata
[02Nov2024 00:31:19.470] [Server thread/INFO] [net.minecraft.server.MinecraftServer/]: <Lvpvss> venite anche voi in miniera
[02Nov2024 00:31:22.044] [Server thread/INFO] [net.minecraft.server.MinecraftServer/]: <canechi> mi serve quella normale
[02Nov2024 00:31:24.509] [Server thread/INFO] [net.minecraft.server.MinecraftServer/]: <Lvpvss> servono diamanti
[02Nov2024 00:31:38.254] [Server thread/INFO] [net.minecraft.server.MinecraftServer/]: <Lvpvss> venite
[02Nov2024 00:31:49.586] [Server thread/INFO] [net.minecraft.server.MinecraftServer/]: <canechi> sto frame laggando un sacco mi sa che devo riavviare un attimo il comptuer
[02Nov2024 00:31:59.924] [Server thread/INFO] [net.minecraft.server.MinecraftServer/]: <Lvpvss> ok
[02Nov2024 00:32:02.463] [Server thread/INFO] [net.minecraft.server.MinecraftServer/]: <Lvpvss> mirty vieni
[02Nov2024 00:34:24.057] [Server thread/INFO] [net.minecraft.server.MinecraftServer/]: <Lvpvss> state arrivando?
[02Nov2024 00:34:53.491] [Server thread/INFO] [net.minecraft.server.MinecraftServer/]: <canechi> riavvio il computer e vengo
[02Nov2024 00:34:54.792] [Server thread/INFO] [net.minecraft.server.network.ServerGamePacketListenerImpl/]: canechi lost connection: Disconnected
[02Nov2024 00:34:54.793] [Server thread/INFO] [net.minecraft.server.MinecraftServer/]: canechi left the game
[02Nov2024 00:34:54.793] [Server thread/INFO] [com.alrex.parcool.ParCool/]: Limitation of 2b56b283-efc4-4fb1-931c-f6768191c22d was unloaded
[02Nov2024 00:34:54.793] [Server thread/INFO] [voicechat/]: [voicechat] Disconnecting client canechi
[02Nov2024 00:38:39.255] [User Authenticator #11/INFO] [net.minecraft.server.network.ServerLoginPacketListenerImpl/]: UUID of player canechi is 2b56b283-efc4-4fb1-931c-f6768191c22d
[02Nov2024 00:38:45.621] [Server thread/INFO] [net.minecraft.server.players.PlayerList/]: canechi[/127.206.232.220:60069] logged in with entity id 85083 at (689.0753267221338, 117.0, 17.697501038535773)
[02Nov2024 00:38:45.633] [Server thread/INFO] [net.minecraft.server.MinecraftServer/]: canechi joined the game
[02Nov2024 00:38:45.730] [Server thread/INFO] [Jade/]: Syncing config to canechi (2b56b283-efc4-4fb1-931c-f6768191c22d)
[02Nov2024 00:38:47.109] [Server thread/INFO] [voicechat/]: [voicechat] Received secret request of canechi (18)
[02Nov2024 00:38:47.109] [Server thread/INFO] [voicechat/]: [voicechat] Sent secret to canechi
[02Nov2024 00:38:47.110] [Server thread/INFO] [com.alrex.parcool.ParCool/]: Limitation of 2b56b283-efc4-4fb1-931c-f6768191c22d was loaded
[02Nov2024 00:38:57.468] [VoiceChatPacketProcessingThread/INFO] [voicechat/]: [voicechat] Successfully authenticated player 2b56b283-efc4-4fb1-931c-f6768191c22d
[02Nov2024 00:38:58.454] [VoiceChatPacketProcessingThread/INFO] [voicechat/]: [voicechat] Successfully validated connection of player 2b56b283-efc4-4fb1-931c-f6768191c22d
[02Nov2024 00:38:58.454] [VoiceChatPacketProcessingThread/INFO] [voicechat/]: [voicechat] Player canechi (2b56b283-efc4-4fb1-931c-f6768191c22d) successfully connected to voice chat
[02Nov2024 00:43:18.998] [Server thread/INFO] [net.minecraft.server.MinecraftServer/]: <canechi> matteo mi chiede le cose e se ne va
[02Nov2024 00:43:20.922] [Server thread/INFO] [net.minecraft.server.MinecraftServer/]: <canechi> ok muori
[02Nov2024 00:45:03.064] [Server thread/INFO] [net.minecraft.server.MinecraftServer/]: <Francohh> diego dove vai
[02Nov2024 00:45:05.920] [Server thread/INFO] [net.minecraft.server.MinecraftServer/]: <Francohh> vieni su
[02Nov2024 00:45:14.650] [Server thread/INFO] [net.minecraft.server.MinecraftServer/]: <Francohh> ti abbiamo perso
[02Nov2024 00:45:20.457] [Server thread/INFO] [net.minecraft.server.MinecraftServer/]: <Francohh> e mi manchi
[02Nov2024 00:45:45.907] [Server thread/INFO] [net.minecraft.server.MinecraftServer/]: <canechi> dove sta la bugia dai
[02Nov2024 00:45:53.608] [Server thread/INFO] [net.minecraft.server.MinecraftServer/]: <Francohh> non c'è
[02Nov2024 00:45:56.544] [Server thread/INFO] [net.minecraft.server.MinecraftServer/]: <Francohh> dai
[02Nov2024 00:46:05.031] [Server thread/INFO] [net.minecraft.server.MinecraftServer/]: <canechi> menti
[02Nov2024 00:46:12.401] [Server thread/INFO] [net.minecraft.server.MinecraftServer/]: <Francohh> vieni su
[02Nov2024 00:46:43.704] [Server thread/INFO] [net.minecraft.server.MinecraftServer/]: <canechi> sto trovando un sacco di roba
[02Nov2024 00:46:50.967] [Server thread/INFO] [net.minecraft.server.MinecraftServer/]: <Lvpvss> anche noii
[02Nov2024 00:46:59.546] [Server thread/INFO] [net.minecraft.server.MinecraftServer/]: <canechi> quindi, troviamo x2 di cose così
[02Nov2024 00:47:08.549] [Server thread/INFO] [net.minecraft.server.MinecraftServer/]: <Lvpvss> ma restiamo vicini
[02Nov2024 00:49:14.482] [Server thread/WARN] [net.minecraft.server.MinecraftServer/]: Can't keep up! Is the server overloaded? Running 2063ms or 41 ticks behind
[02Nov2024 00:49:22.053] [Server thread/INFO] [net.minecraft.server.MinecraftServer/]: [Lvpvss: Teleported canechi to Lvpvss]
[02Nov2024 00:52:28.046] [Server thread/INFO] [net.minecraft.server.MinecraftServer/]: <canechi> che cazzo dite stiamo vicini e poi ve ne adnate
[02Nov2024 00:52:34.505] [Server thread/INFO] [net.minecraft.server.MinecraftServer/]: <canechi> mi tippano anche e se ne vanno
[02Nov2024 00:56:03.394] [Server thread/INFO] [net.minecraft.server.MinecraftServer/]: Francohh was slain by Cave Dweller
[02Nov2024 00:58:47.439] [Server thread/INFO] [net.minecraft.server.MinecraftServer/]: <Lvpvss> pezzi di merda
[02Nov2024 01:01:05.503] [Server thread/INFO] [net.minecraft.server.MinecraftServer/]: <canechi> ma dove siete
[02Nov2024 01:01:10.582] [Server thread/INFO] [net.minecraft.server.MinecraftServer/]: <Lvpvss> noi?!??!?!
[02Nov2024 01:01:14.909] [Server thread/INFO] [net.minecraft.server.MinecraftServer/]: <canechi> si voi
[02Nov2024 01:01:36.304] [Server thread/INFO] [net.minecraft.server.MinecraftServer/]: <Lvpvss> andate al punto di prima
[02Nov2024 01:02:13.901] [Server thread/INFO] [net.minecraft.server.MinecraftServer/]: <canechi> ci siamo
[02Nov2024 01:02:24.135] [Server thread/INFO] [net.minecraft.server.MinecraftServer/]: <Lvpvss> ho perso matteo
[02Nov2024 01:02:34.800] [Server thread/INFO] [net.minecraft.server.MinecraftServer/]: <Francohh> sto scendendo tantissimo
[02Nov2024 01:02:40.404] [Server thread/INFO] [net.minecraft.server.MinecraftServer/]: <Lvpvss> pd
[02Nov2024 01:02:42.783] [Server thread/INFO] [net.minecraft.server.MinecraftServer/]: <Francohh> ci sono rubini
[02Nov2024 01:02:47.028] [Server thread/INFO] [net.minecraft.server.MinecraftServer/]: <Francohh> vabe torno su
[02Nov2024 01:03:57.801] [Server thread/WARN] [net.minecraft.server.level.ServerLevel/]: Tried to add entity burnt:spark but it was marked as removed already
[02Nov2024 01:03:57.802] [Server thread/WARN] [net.minecraft.server.level.ServerLevel/]: Tried to add entity burnt:spark but it was marked as removed already
[02Nov2024 01:03:57.802] [Server thread/WARN] [net.minecraft.server.level.ServerLevel/]: Tried to add entity burnt:spark but it was marked as removed already
[02Nov2024 01:03:59.785] [Server thread/WARN] [net.minecraft.server.level.ServerLevel/]: Tried to add entity burnt:spark but it was marked as removed already
[02Nov2024 01:03:59.787] [Server thread/WARN] [net.minecraft.server.level.ServerLevel/]: Tried to add entity burnt:spark but it was marked as removed already
[02Nov2024 01:03:59.787] [Server thread/WARN] [net.minecraft.server.level.ServerLevel/]: Tried to add entity burnt:spark but it was marked as removed already
[02Nov2024 01:04:00.967] [Server thread/WARN] [net.minecraft.server.level.ServerLevel/]: Tried to add entity burnt:spark but it was marked as removed already
[02Nov2024 01:04:00.968] [Server thread/WARN] [net.minecraft.server.level.ServerLevel/]: Tried to add entity burnt:spark but it was marked as removed already
[02Nov2024 01:04:00.968] [Server thread/WARN] [net.minecraft.server.level.ServerLevel/]: Tried to add entity burnt:spark but it was marked as removed already
[02Nov2024 01:04:02.346] [Server thread/WARN] [net.minecraft.server.level.ServerLevel/]: Tried to add entity burnt:spark but it was marked as removed already
[02Nov2024 01:04:02.346] [Server thread/WARN] [net.minecraft.server.level.ServerLevel/]: Tried to add entity burnt:spark but it was marked as removed already
[02Nov2024 01:04:02.347] [Server thread/WARN] [net.minecraft.server.level.ServerLevel/]: Tried to add entity burnt:spark but it was marked as removed already
[02Nov2024 01:04:06.512] [Server thread/WARN] [net.minecraft.server.level.ServerLevel/]: Tried to add entity burnt:spark but it was marked as removed already
[02Nov2024 01:04:06.512] [Server thread/WARN] [net.minecraft.server.level.ServerLevel/]: Tried to add entity burnt:spark but it was marked as removed already
[02Nov2024 01:04:06.513] [Server thread/WARN] [net.minecraft.server.level.ServerLevel/]: Tried to add entity burnt:spark but it was marked as removed already
[02Nov2024 01:04:08.560] [Server thread/WARN] [net.minecraft.server.level.ServerLevel/]: Tried to add entity burnt:spark but it was marked as removed already
[02Nov2024 01:04:08.561] [Server thread/WARN] [net.minecraft.server.level.ServerLevel/]: Tried to add entity burnt:spark but it was marked as removed already
[02Nov2024 01:04:08.561] [Server thread/WARN] [net.minecraft.server.level.ServerLevel/]: Tried to add entity burnt:spark but it was marked as removed already
[02Nov2024 01:04:09.110] [Server thread/WARN] [net.minecraft.server.level.ServerLevel/]: Tried to add entity burnt:spark but it was marked as removed already
[02Nov2024 01:04:09.110] [Server thread/WARN] [net.minecraft.server.level.ServerLevel/]: Tried to add entity burnt:spark but it was marked as removed already
[02Nov2024 01:04:09.110] [Server thread/WARN] [net.minecraft.server.level.ServerLevel/]: Tried to add entity burnt:spark but it was marked as removed already
[02Nov2024 01:04:11.035] [Server thread/WARN] [net.minecraft.server.level.ServerLevel/]: Tried to add entity burnt:spark but it was marked as removed already
[02Nov2024 01:04:11.036] [Server thread/WARN] [net.minecraft.server.level.ServerLevel/]: Tried to add entity burnt:spark but it was marked as removed already
[02Nov2024 01:04:11.036] [Server thread/WARN] [net.minecraft.server.level.ServerLevel/]: Tried to add entity burnt:spark but it was marked as removed already
[02Nov2024 01:04:11.073] [Server thread/WARN] [net.minecraft.server.level.ServerLevel/]: Tried to add entity burnt:spark but it was marked as removed already
[02Nov2024 01:04:11.074] [Server thread/WARN] [net.minecraft.server.level.ServerLevel/]: Tried to add entity burnt:spark but it was marked as removed already
[02Nov2024 01:04:13.324] [Server thread/WARN] [net.minecraft.server.level.ServerLevel/]: Tried to add entity burnt:spark but it was marked as removed already
[02Nov2024 01:04:13.325] [Server thread/WARN] [net.minecraft.server.level.ServerLevel/]: Tried to add entity burnt:spark but it was marked as removed already
[02Nov2024 01:04:13.325] [Server thread/WARN] [net.minecraft.server.level.ServerLevel/]: Tried to add entity burnt:spark but it was marked as removed already
[02Nov2024 01:04:14.688] [Server thread/INFO] [net.minecraft.server.MinecraftServer/]: Francohh has made the advancement [Alex's Caves]
[02Nov2024 01:04:16.574] [Server thread/INFO] [net.minecraft.server.MinecraftServer/]: Lvpvss has made the advancement [Alex's Caves]
[02Nov2024 01:04:17.194] [Server thread/WARN] [net.minecraft.server.level.ServerLevel/]: Tried to add entity burnt:spark but it was marked as removed already
[02Nov2024 01:04:17.195] [Server thread/WARN] [net.minecraft.server.level.ServerLevel/]: Tried to add entity burnt:spark but it was marked as removed already
[02Nov2024 01:04:17.195] [Server thread/WARN] [net.minecraft.server.level.ServerLevel/]: Tried to add entity burnt:spark but it was marked as removed already
[02Nov2024 01:04:17.763] [Server thread/WARN] [net.minecraft.server.level.ServerLevel/]: Tried to add entity burnt:spark but it was marked as removed already
[02Nov2024 01:04:17.764] [Server thread/WARN] [net.minecraft.server.level.ServerLevel/]: Tried to add entity burnt:spark but it was marked as removed already
[02Nov2024 01:04:17.764] [Server thread/WARN] [net.minecraft.server.level.ServerLevel/]: Tried to add entity burnt:spark but it was marked as removed already
[02Nov2024 01:04:19.639] [Server thread/INFO] [net.minecraft.server.MinecraftServer/]: canechi has made the advancement [It Belongs in a Museum]
[02Nov2024 01:04:21.485] [Server thread/WARN] [net.minecraft.server.level.ServerLevel/]: Tried to add entity burnt:spark but it was marked as removed already
[02Nov2024 01:04:21.487] [Server thread/WARN] [net.minecraft.server.level.ServerLevel/]: Tried to add entity burnt:spark but it was marked as removed already
[02Nov2024 01:04:21.487] [Server thread/WARN] [net.minecraft.server.level.ServerLevel/]: Tried to add entity burnt:spark but it was marked as removed already
[02Nov2024 01:04:22.759] [Server thread/INFO] [net.minecraft.server.MinecraftServer/]: myrtila has made the advancement [Once Upon a Cave]
[02Nov2024 01:04:27.120] [Server thread/WARN] [net.minecraft.server.level.ServerLevel/]: Tried to add entity burnt:spark but it was marked as removed already
[02Nov2024 01:04:27.121] [Server thread/WARN] [net.minecraft.server.level.ServerLevel/]: Tried to add entity burnt:spark but it was marked as removed already
[02Nov2024 01:04:27.121] [Server thread/WARN] [net.minecraft.server.level.ServerLevel/]: Tried to add entity burnt:spark but it was marked as removed already
[02Nov2024 01:04:27.583] [Server thread/WARN] [net.minecraft.server.level.ServerLevel/]: Tried to add entity burnt:spark but it was marked as removed already
[02Nov2024 01:04:27.584] [Server thread/WARN] [net.minecraft.server.level.ServerLevel/]: Tried to add entity burnt:spark but it was marked as removed already
[02Nov2024 01:04:27.584] [Server thread/WARN] [net.minecraft.server.level.ServerLevel/]: Tried to add entity burnt:spark but it was marked as removed already
[02Nov2024 01:04:27.853] [Server thread/WARN] [net.minecraft.server.level.ServerLevel/]: Tried to add entity burnt:spark but it was marked as removed already
[02Nov2024 01:04:27.854] [Server thread/WARN] [net.minecraft.server.level.ServerLevel/]: Tried to add entity burnt:spark but it was marked as removed already
[02Nov2024 01:04:27.854] [Server thread/WARN] [net.minecraft.server.level.ServerLevel/]: Tried to add entity burnt:spark but it was marked as removed already
[02Nov2024 01:04:36.089] [Server thread/WARN] [net.minecraft.server.level.ServerLevel/]: Tried to add entity burnt:spark but it was marked as removed already
[02Nov2024 01:04:36.090] [Server thread/WARN] [net.minecraft.server.level.ServerLevel/]: Tried to add entity burnt:spark but it was marked as removed already
[02Nov2024 01:04:36.090] [Server thread/WARN] [net.minecraft.server.level.ServerLevel/]: Tried to add entity burnt:spark but it was marked as removed already
[02Nov2024 01:04:37.195] [Server thread/WARN] [net.minecraft.server.level.ServerLevel/]: Tried to add entity burnt:spark but it was marked as removed already
[02Nov2024 01:04:37.197] [Server thread/WARN] [net.minecraft.server.level.ServerLevel/]: Tried to add entity burnt:spark but it was marked as removed already
[02Nov2024 01:04:37.198] [Server thread/WARN] [net.minecraft.server.level.ServerLevel/]: Tried to add entity burnt:spark but it was marked as removed already
[02Nov2024 01:04:40.731] [Server thread/WARN] [net.minecraft.server.level.ServerLevel/]: Tried to add entity burnt:spark but it was marked as removed already
[02Nov2024 01:04:40.731] [Server thread/WARN] [net.minecraft.server.level.ServerLevel/]: Tried to add entity burnt:spark but it was marked as removed already
[02Nov2024 01:04:40.731] [Server thread/WARN] [net.minecraft.server.level.ServerLevel/]: Tried to add entity burnt:spark but it was marked as removed already
[02Nov2024 01:04:41.888] [Server thread/WARN] [net.minecraft.server.level.ServerLevel/]: Tried to add entity burnt:spark but it was marked as removed already
[02Nov2024 01:04:41.889] [Server thread/WARN] [net.minecraft.server.level.ServerLevel/]: Tried to add entity burnt:spark but it was marked as removed already
[02Nov2024 01:04:41.889] [Server thread/WARN] [net.minecraft.server.level.ServerLevel/]: Tried to add entity burnt:spark but it was marked as removed already
[02Nov2024 01:04:57.946] [Server thread/INFO] [net.minecraft.server.MinecraftServer/]: myrtila has made the advancement [Alex's Caves]
[02Nov2024 01:05:01.933] [Server thread/WARN] [net.minecraft.server.level.ServerLevel/]: Tried to add entity burnt:spark but it was marked as removed already
[02Nov2024 01:05:01.933] [Server thread/WARN] [net.minecraft.server.level.ServerLevel/]: Tried to add entity burnt:spark but it was marked as removed already
[02Nov2024 01:05:01.934] [Server thread/WARN] [net.minecraft.server.level.ServerLevel/]: Tried to add entity burnt:spark but it was marked as removed already
[02Nov2024 01:05:19.035] [Server thread/WARN] [net.minecraft.server.level.ServerLevel/]: Tried to add entity burnt:spark but it was marked as removed already
[02Nov2024 01:05:19.035] [Server thread/WARN] [net.minecraft.server.level.ServerLevel/]: Tried to add entity burnt:spark but it was marked as removed already
[02Nov2024 01:05:19.036] [Server thread/WARN] [net.minecraft.server.level.ServerLevel/]: Tried to add entity burnt:spark but it was marked as removed already
[02Nov2024 01:05:19.430] [Server thread/WARN] [net.minecraft.server.level.ServerLevel/]: Tried to add entity burnt:spark but it was marked as removed already
[02Nov2024 01:05:19.430] [Server thread/WARN] [net.minecraft.server.level.ServerLevel/]: Tried to add entity burnt:spark but it was marked as removed already
[02Nov2024 01:05:19.431] [Server thread/WARN] [net.minecraft.server.level.ServerLevel/]: Tried to add entity burnt:spark but it was marked as removed already
[02Nov2024 01:05:20.532] [Server thread/WARN] [net.minecraft.server.level.ServerLevel/]: Tried to add entity burnt:spark but it was marked as removed already
[02Nov2024 01:05:20.532] [Server thread/WARN] [net.minecraft.server.level.ServerLevel/]: Tried to add entity burnt:spark but it was marked as removed already
[02Nov2024 01:05:20.532] [Server thread/WARN] [net.minecraft.server.level.ServerLevel/]: Tried to add entity burnt:spark but it was marked as removed already
[02Nov2024 01:05:21.285] [Server thread/WARN] [net.minecraft.server.level.ServerLevel/]: Tried to add entity burnt:spark but it was marked as removed already
[02Nov2024 01:05:21.285] [Server thread/WARN] [net.minecraft.server.level.ServerLevel/]: Tried to add entity burnt:spark but it was marked as removed already
[02Nov2024 01:05:21.285] [Server thread/WARN] [net.minecraft.server.level.ServerLevel/]: Tried to add entity burnt:spark but it was marked as removed already
[02Nov2024 01:05:22.180] [Server thread/WARN] [net.minecraft.server.level.ServerLevel/]: Tried to add entity burnt:spark but it was marked as removed already
[02Nov2024 01:05:22.180] [Server thread/WARN] [net.minecraft.server.level.ServerLevel/]: Tried to add entity burnt:spark but it was marked as removed already
[02Nov2024 01:05:22.180] [Server thread/WARN] [net.minecraft.server.level.ServerLevel/]: Tried to add entity burnt:spark but it was marked as removed already
[02Nov2024 01:05:23.179] [Server thread/WARN] [net.minecraft.server.level.ServerLevel/]: Tried to add entity burnt:spark but it was marked as removed already
[02Nov2024 01:05:23.179] [Server thread/WARN] [net.minecraft.server.level.ServerLevel/]: Tried to add entity burnt:spark but it was marked as removed already
[02Nov2024 01:05:23.179] [Server thread/WARN] [net.minecraft.server.level.ServerLevel/]: Tried to add entity burnt:spark but it was marked as removed already
[02Nov2024 01:05:23.379] [Server thread/WARN] [net.minecraft.server.level.ServerLevel/]: Tried to add entity burnt:spark but it was marked as removed already
[02Nov2024 01:05:23.379] [Server thread/WARN] [net.minecraft.server.level.ServerLevel/]: Tried to add entity burnt:spark but it was marked as removed already
[02Nov2024 01:05:23.379] [Server thread/WARN] [net.minecraft.server.level.ServerLevel/]: Tried to add entity burnt:spark but it was marked as removed already
[02Nov2024 01:05:23.630] [Server thread/WARN] [net.minecraft.server.level.ServerLevel/]: Tried to add entity burnt:spark but it was marked as removed already
[02Nov2024 01:05:23.631] [Server thread/WARN] [net.minecraft.server.level.ServerLevel/]: Tried to add entity burnt:spark but it was marked as removed already
[02Nov2024 01:05:23.631] [Server thread/WARN] [net.minecraft.server.level.ServerLevel/]: Tried to add entity burnt:spark but it was marked as removed already
[02Nov2024 01:05:26.781] [Server thread/WARN] [net.minecraft.server.level.ServerLevel/]: Tried to add entity burnt:spark but it was marked as removed already
[02Nov2024 01:05:26.782] [Server thread/WARN] [net.minecraft.server.level.ServerLevel/]: Tried to add entity burnt:spark but it was marked as removed already
[02Nov2024 01:05:49.038] [Server thread/WARN] [net.minecraft.server.level.ServerLevel/]: Tried to add entity burnt:spark but it was marked as removed already
[02Nov2024 01:05:49.039] [Server thread/WARN] [net.minecraft.server.level.ServerLevel/]: Tried to add entity burnt:spark but it was marked as removed already
[02Nov2024 01:05:49.040] [Server thread/WARN] [net.minecraft.server.level.ServerLevel/]: Tried to add entity burnt:spark but it was marked as removed already
[02Nov2024 01:05:53.348] [Server thread/INFO] [net.minecraft.server.MinecraftServer/]: canechi was doomed to fall by Francohh
[02Nov2024 01:06:02.440] [Server thread/INFO] [net.minecraft.server.MinecraftServer/]: <canechi> pezzo,di,merda,di,un,matteo
[02Nov2024 01:06:03.319] [Server thread/INFO] [net.minecraft.server.MinecraftServer/]: <Francohh> ma che cazzo
[02Nov2024 01:06:08.732] [Server thread/WARN] [net.minecraft.server.level.ServerLevel/]: Tried to add entity burnt:spark but it was marked as removed already
[02Nov2024 01:06:08.732] [Server thread/WARN] [net.minecraft.server.level.ServerLevel/]: Tried to add entity burnt:spark but it was marked as removed already
[02Nov2024 01:06:08.733] [Server thread/WARN] [net.minecraft.server.level.ServerLevel/]: Tried to add entity burnt:spark but it was marked as removed already
[02Nov2024 01:06:11.257] [Server thread/INFO] [net.minecraft.server.MinecraftServer/]: <Francohh> ma che è successo scusa
[02Nov2024 01:06:14.083] [Server thread/WARN] [net.minecraft.server.level.ServerLevel/]: Tried to add entity burnt:spark but it was marked as removed already
[02Nov2024 01:06:14.083] [Server thread/WARN] [net.minecraft.server.level.ServerLevel/]: Tried to add entity burnt:spark but it was marked as removed already
[02Nov2024 01:06:14.084] [Server thread/WARN] [net.minecraft.server.level.ServerLevel/]: Tried to add entity burnt:spark but it was marked as removed already
[02Nov2024 01:06:15.828] [Server thread/WARN] [net.minecraft.server.level.ServerLevel/]: Tried to add entity burnt:spark but it was marked as removed already
[02Nov2024 01:06:15.828] [Server thread/WARN] [net.minecraft.server.level.ServerLevel/]: Tried to add entity burnt:spark but it was marked as removed already
[02Nov2024 01:06:15.828] [Server thread/WARN] [net.minecraft.server.level.ServerLevel/]: Tried to add entity burnt:spark but it was marked as removed already
[02Nov2024 01:06:15.876] [Server thread/WARN] [net.minecraft.server.level.ServerLevel/]: Tried to add entity burnt:spark but it was marked as removed already
[02Nov2024 01:06:15.876] [Server thread/WARN] [net.minecraft.server.level.ServerLevel/]: Tried to add entity burnt:spark but it was marked as removed already
[02Nov2024 01:06:15.876] [Server thread/WARN] [net.minecraft.server.level.ServerLevel/]: Tried to add entity burnt:spark but it was marked as removed already
[02Nov2024 01:06:17.593] [Server thread/INFO] [net.minecraft.server.MinecraftServer/]: <canechi> SONO SOTTO
[02Nov2024 01:06:29.110] [Server thread/INFO] [net.minecraft.server.MinecraftServer/]: <canechi> VI PREGO ASLVATEMI
[02Nov2024 01:06:44.595] [Server thread/INFO] [net.minecraft.server.MinecraftServer/]: <Francohh> stiamo arrivando
[02Nov2024 01:06:46.594] [Server thread/INFO] [net.minecraft.server.MinecraftServer/]: Lvpvss died
[02Nov2024 01:06:53.238] [Server thread/INFO] [net.minecraft.server.MinecraftServer/]: <Lvpvss> lol
[02Nov2024 01:07:22.856] [Server thread/INFO] [net.minecraft.server.MinecraftServer/]: <canechi> MATTEO VELOCE
[02Nov2024 01:07:25.095] [Server thread/INFO] [net.minecraft.server.MinecraftServer/]: <canechi> STO MORENDO
[02Nov2024 01:07:27.511] [Server thread/INFO] [net.minecraft.server.MinecraftServer/]: <canechi> DIO PORCOOOOOO
[02Nov2024 01:07:34.863] [Server thread/INFO] [net.minecraft.server.MinecraftServer/]: <canechi> 20 SECONDIS
[02Nov2024 01:07:36.503] [Server thread/INFO] [net.minecraft.server.MinecraftServer/]: <canechi> DAIS
[02Nov2024 01:07:38.846] [Server thread/INFO] [net.minecraft.server.MinecraftServer/]: <canechi> DIO PORCOS
[02Nov2024 01:07:42.241] [Server thread/INFO] [net.minecraft.server.MinecraftServer/]: <canechi> 10 SEOCNID
[02Nov2024 01:07:44.146] [Server thread/INFO] [net.minecraft.server.MinecraftServer/]: <canechi> DAIDAIAIDAID
[02Nov2024 01:07:46.564] [Server thread/INFO] [net.minecraft.server.MinecraftServer/]: <canechi> ENNIENTE
[02Nov2024 01:07:48.894] [Server thread/INFO] [net.minecraft.server.MinecraftServer/]: <canechi> FAI CAGARE MATTEO
[02Nov2024 01:07:51.057] [Server thread/INFO] [net.minecraft.server.MinecraftServer/]: <canechi> TI ODIO
[02Nov2024 01:07:53.341] [Server thread/INFO] [net.minecraft.server.MinecraftServer/]: canechi was not rescued in time
[02Nov2024 01:07:53.346] [Server thread/INFO] [com.tiviacz.travelersbackpack.TravelersBackpack/]: Created new backpack backup file for canechi with unique ID travelersbackpack.pumpkin_02.11.2024-01.07.53.dat
[02Nov2024 01:08:03.355] [Server thread/INFO] [net.minecraft.server.MinecraftServer/]: <canechi> E ORA COME DIO MERDA TORNO?????????????
[02Nov2024 01:08:13.969] [Server thread/INFO] [net.minecraft.server.MinecraftServer/]: <Lvpvss> per sta volta ti tippo e basta
[02Nov2024 01:08:20.104] [Server thread/INFO] [net.minecraft.server.MinecraftServer/]: <canechi> grazie ti amo lvpvs
[02Nov2024 01:08:21.147] [Server thread/INFO] [net.minecraft.server.MinecraftServer/]: <canechi> dai
[02Nov2024 01:08:30.524] [Server thread/INFO] [net.minecraft.server.MinecraftServer/]: <canechi> solo perchè è stata colpa di matteo
[02Nov2024 01:08:43.346] [Server thread/INFO] [net.minecraft.server.MinecraftServer/]: Francohh was slain by Zombie Villager
[02Nov2024 01:08:46.211] [Server thread/INFO] [net.minecraft.server.MinecraftServer/]: <canechi> godo
[02Nov2024 01:08:47.314] [Server thread/INFO] [net.minecraft.server.MinecraftServer/]: <canechi> gay
[02Nov2024 01:09:18.248] [Server thread/INFO] [net.minecraft.server.MinecraftServer/]: <Lvpvss> andate al punto di pri
[02Nov2024 01:09:37.642] [Server thread/INFO] [net.minecraft.server.MinecraftServer/]: Francohh died
[02Nov2024 01:09:58.951] [Server thread/INFO] [net.minecraft.server.MinecraftServer/]: <canechi> mi tippi dai
[02Nov2024 01:10:15.696] [Server thread/INFO] [net.minecraft.server.MinecraftServer/]: Francohh died
[02Nov2024 01:10:34.906] [Server thread/INFO] [net.minecraft.server.MinecraftServer/]: <canechi> sto spaccando la pietra a mano per scendere
[02Nov2024 01:10:47.698] [Server thread/INFO] [net.minecraft.server.MinecraftServer/]: [Lvpvss: Teleported canechi to Lvpvss]
[02Nov2024 01:10:51.938] [Server thread/INFO] [net.minecraft.server.MinecraftServer/]: Francohh died
[02Nov2024 01:11:19.689] [Server thread/WARN] [net.minecraft.server.level.ServerLevel/]: Tried to add entity burnt:spark but it was marked as removed already
[02Nov2024 01:11:19.690] [Server thread/WARN] [net.minecraft.server.level.ServerLevel/]: Tried to add entity burnt:spark but it was marked as removed already
[02Nov2024 01:11:19.690] [Server thread/WARN] [net.minecraft.server.level.ServerLevel/]: Tried to add entity burnt:spark but it was marked as removed already
[02Nov2024 01:11:28.306] [Server thread/INFO] [net.minecraft.server.MinecraftServer/]: myrtila was slain by Jorogumo
[02Nov2024 01:11:59.460] [VoiceChatPacketProcessingThread/INFO] [voicechat/]: [voicechat] Player ddb4f98b-5733-400b-bd26-64abe2ec652c timed out
[02Nov2024 01:11:59.461] [VoiceChatPacketProcessingThread/INFO] [voicechat/]: [voicechat] Reconnecting player myrtila
[02Nov2024 01:11:59.462] [VoiceChatPacketProcessingThread/INFO] [voicechat/]: [voicechat] Sent secret to myrtila
[02Nov2024 01:12:18.324] [Server thread/INFO] [net.minecraft.server.network.ServerGamePacketListenerImpl/]: myrtila lost connection: Disconnected
[02Nov2024 01:12:18.325] [Server thread/INFO] [net.minecraft.server.MinecraftServer/]: myrtila left the game
[02Nov2024 01:12:18.326] [Server thread/INFO] [com.alrex.parcool.ParCool/]: Limitation of ddb4f98b-5733-400b-bd26-64abe2ec652c was unloaded
[02Nov2024 01:12:18.326] [Server thread/INFO] [voicechat/]: [voicechat] Disconnecting client myrtila
[02Nov2024 01:12:18.380] [Server thread/WARN] [net.minecraft.network.Connection/]: handleDisconnection() called twice
[02Nov2024 01:12:32.141] [Server thread/INFO] [net.minecraft.server.MinecraftServer/]: canechi was slain by Mutant Zombie
[02Nov2024 01:12:38.092] [Server thread/INFO] [net.minecraft.server.MinecraftServer/]: <canechi> ma dove porcoddio siete ragazzi
[02Nov2024 01:12:48.752] [Server thread/INFO] [net.minecraft.server.MinecraftServer/]: <canechi> lo stavo uccidendo
[02Nov2024 01:12:51.805] [Server thread/INFO] [net.minecraft.server.MinecraftServer/]: <canechi> a sto coglione
[02Nov2024 01:13:01.297] [Server thread/INFO] [net.minecraft.server.MinecraftServer/]: <canechi> ma sono da solo
[02Nov2024 01:14:06.257] [User Authenticator #12/INFO] [net.minecraft.server.network.ServerLoginPacketListenerImpl/]: UUID of player myrtila is ddb4f98b-5733-400b-bd26-64abe2ec652c
[02Nov2024 01:14:10.335] [Server thread/INFO] [net.minecraft.server.MinecraftServer/]: Lvpvss was slain by Mutant Zombie
[02Nov2024 01:14:13.721] [Server thread/INFO] [net.minecraft.server.players.PlayerList/]: myrtila[/127.179.144.43:35807] logged in with entity id 92278 at (814.6866316764598, 5.0, 182.1804113796054)
[02Nov2024 01:14:13.742] [Server thread/INFO] [net.minecraft.server.MinecraftServer/]: myrtila joined the game
[02Nov2024 01:14:13.878] [Server thread/INFO] [Jade/]: Syncing config to myrtila (ddb4f98b-5733-400b-bd26-64abe2ec652c)
[02Nov2024 01:14:17.028] [Server thread/INFO] [voicechat/]: [voicechat] Received secret request of myrtila (18)
[02Nov2024 01:14:17.029] [Server thread/INFO] [voicechat/]: [voicechat] Sent secret to myrtila
[02Nov2024 01:14:17.063] [Server thread/INFO] [com.alrex.parcool.ParCool/]: Limitation of ddb4f98b-5733-400b-bd26-64abe2ec652c was loaded
[02Nov2024 01:14:22.604] [Server thread/INFO] [net.minecraft.server.MinecraftServer/]: canechi was slain by Mutant Zombie
[02Nov2024 01:14:30.982] [VoiceChatPacketProcessingThread/INFO] [voicechat/]: [voicechat] Successfully authenticated player ddb4f98b-5733-400b-bd26-64abe2ec652c
[02Nov2024 01:14:31.952] [VoiceChatPacketProcessingThread/INFO] [voicechat/]: [voicechat] Successfully validated connection of player ddb4f98b-5733-400b-bd26-64abe2ec652c
[02Nov2024 01:14:31.952] [VoiceChatPacketProcessingThread/INFO] [voicechat/]: [voicechat] Player myrtila (ddb4f98b-5733-400b-bd26-64abe2ec652c) successfully connected to voice chat
[02Nov2024 01:14:35.941] [Server thread/INFO] [net.minecraft.server.MinecraftServer/]: <canechi> è.troppo.forte
[02Nov2024 01:14:41.596] [Server thread/INFO] [net.minecraft.server.MinecraftServer/]: <Lvpvss> diego
[02Nov2024 01:14:45.086] [Server thread/INFO] [net.minecraft.server.MinecraftServer/]: <Lvpvss> muori
[02Nov2024 01:14:47.541] [Server thread/INFO] [net.minecraft.server.MinecraftServer/]: <Lvpvss> ti tippo
[02Nov2024 01:14:50.811] [Server thread/INFO] [net.minecraft.server.MinecraftServer/]: <Lvpvss> poi tirami su
[02Nov2024 01:14:59.347] [Server thread/INFO] [net.minecraft.server.MinecraftServer/]: <Lvpvss> dai
[02Nov2024 01:15:01.355] [Server thread/INFO] [net.minecraft.server.MinecraftServer/]: <Lvpvss> fast
[02Nov2024 01:15:08.655] [Server thread/INFO] [net.minecraft.server.MinecraftServer/]: canechi was not rescued in time
[02Nov2024 01:15:15.145] [Server thread/INFO] [net.minecraft.server.MinecraftServer/]: [Lvpvss: Teleported canechi to Lvpvss]
[02Nov2024 01:15:24.017] [Server thread/INFO] [net.minecraft.server.MinecraftServer/]: myrtila was not rescued in time
[02Nov2024 01:15:24.021] [Server thread/INFO] [com.tiviacz.travelersbackpack.TravelersBackpack/]: Created new backpack backup file for myrtila with unique ID travelersbackpack.standard_02.11.2024-01.15.24.dat
[02Nov2024 01:16:15.216] [Server thread/INFO] [net.minecraft.server.MinecraftServer/]: [Lvpvss: Teleported myrtila to Lvpvss]
[02Nov2024 01:18:22.389] [Server thread/INFO] [net.minecraft.server.MinecraftServer/]: Francohh died
[02Nov2024 01:18:54.399] [Server thread/INFO] [net.minecraft.server.MinecraftServer/]: Lvpvss died
[02Nov2024 01:19:40.880] [Server thread/INFO] [net.minecraft.server.MinecraftServer/]: Francohh died
[02Nov2024 01:20:08.694] [Server thread/INFO] [net.minecraft.server.MinecraftServer/]: Francohh died
[02Nov2024 01:20:08.695] [Server thread/INFO] [net.minecraft.server.MinecraftServer/]: Lvpvss died
[02Nov2024 01:20:39.937] [Server thread/INFO] [net.minecraft.server.MinecraftServer/]: Francohh has made the advancement [Source of Evil]
[02Nov2024 01:21:44.982] [Server thread/WARN] [net.minecraft.server.level.ServerLevel/]: Tried to add entity burnt:spark but it was marked as removed already
[02Nov2024 01:21:44.983] [Server thread/WARN] [net.minecraft.server.level.ServerLevel/]: Tried to add entity burnt:spark but it was marked as removed already
[02Nov2024 01:21:51.447] [Server thread/WARN] [net.minecraft.server.level.ServerLevel/]: Tried to add entity burnt:spark but it was marked as removed already
[02Nov2024 01:21:51.448] [Server thread/WARN] [net.minecraft.server.level.ServerLevel/]: Tried to add entity burnt:spark but it was marked as removed already
[02Nov2024 01:21:51.448] [Server thread/WARN] [net.minecraft.server.level.ServerLevel/]: Tried to add entity burnt:spark but it was marked as removed already
[02Nov2024 01:22:22.021] [Server thread/INFO] [net.minecraft.server.MinecraftServer/]: myrtila was shot by Skeleton
[02Nov2024 01:23:49.836] [Server thread/INFO] [net.minecraft.server.MinecraftServer/]: [Lvpvss: Teleported myrtila to Lvpvss]
[02Nov2024 01:23:59.113] [Server thread/INFO] [net.minecraft.server.MinecraftServer/]: <canechi> sono solo ora
[02Nov2024 01:24:00.012] [Server thread/INFO] [net.minecraft.server.MinecraftServer/]: <canechi> dai
[02Nov2024 01:24:03.892] [Server thread/INFO] [net.minecraft.server.MinecraftServer/]: [Lvpvss: Teleported canechi to Lvpvss]
[02Nov2024 01:25:35.697] [Server thread/INFO] [net.minecraft.server.MinecraftServer/]: Francohh was slain by Skeleton
[02Nov2024 01:31:12.450] [Server thread/INFO] [net.minecraft.server.MinecraftServer/]: Francohh was doomed to fall by canechi
[02Nov2024 01:31:19.188] [Server thread/INFO] [net.minecraft.server.MinecraftServer/]: Francohh was slain by canechi
[02Nov2024 01:32:26.185] [Server thread/INFO] [net.minecraft.server.MinecraftServer/]: Francohh died
[02Nov2024 01:33:03.514] [Server thread/INFO] [net.minecraft.server.MinecraftServer/]: Francohh died
[02Nov2024 01:33:36.739] [Server thread/INFO] [net.minecraft.server.MinecraftServer/]: Francohh died
[02Nov2024 01:34:11.497] [Server thread/INFO] [net.minecraft.server.MinecraftServer/]: canechi was slain by Skeleton
[02Nov2024 01:34:55.042] [Server thread/INFO] [net.minecraft.server.MinecraftServer/]: canechi died
[02Nov2024 01:35:07.838] [Server thread/INFO] [net.minecraft.server.MinecraftServer/]: myrtila was slain by Cave Dweller
[02Nov2024 01:35:28.498] [Server thread/INFO] [net.minecraft.server.MinecraftServer/]: canechi died
[02Nov2024 01:35:28.499] [Server thread/INFO] [net.minecraft.server.MinecraftServer/]: Lvpvss died
[02Nov2024 01:35:54.656] [Server thread/INFO] [net.minecraft.server.MinecraftServer/]: <Lvpvss> matteo sei tutti noi
[02Nov2024 01:36:22.897] [Server thread/INFO] [net.minecraft.server.MinecraftServer/]: <Francohh> ho rianimato myrti
[02Nov2024 01:43:52.771] [Server thread/WARN] [net.minecraft.server.level.ServerLevel/]: Tried to add entity burnt:spark but it was marked as removed already
[02Nov2024 01:43:52.772] [Server thread/WARN] [net.minecraft.server.level.ServerLevel/]: Tried to add entity burnt:spark but it was marked as removed already
[02Nov2024 01:43:52.772] [Server thread/WARN] [net.minecraft.server.level.ServerLevel/]: Tried to add entity burnt:spark but it was marked as removed already
[02Nov2024 01:44:00.193] [Server thread/WARN] [net.minecraft.server.level.ServerLevel/]: Tried to add entity burnt:spark but it was marked as removed already
[02Nov2024 01:44:00.193] [Server thread/WARN] [net.minecraft.server.level.ServerLevel/]: Tried to add entity burnt:spark but it was marked as removed already
[02Nov2024 01:44:00.194] [Server thread/WARN] [net.minecraft.server.level.ServerLevel/]: Tried to add entity burnt:spark but it was marked as removed already
[02Nov2024 01:44:04.408] [Server thread/WARN] [net.minecraft.server.level.ServerLevel/]: Tried to add entity burnt:spark but it was marked as removed already
[02Nov2024 01:44:04.409] [Server thread/WARN] [net.minecraft.server.level.ServerLevel/]: Tried to add entity burnt:spark but it was marked as removed already
[02Nov2024 01:44:04.409] [Server thread/WARN] [net.minecraft.server.level.ServerLevel/]: Tried to add entity burnt:spark but it was marked as removed already
[02Nov2024 01:44:09.077] [Server thread/WARN] [net.minecraft.server.level.ServerLevel/]: Tried to add entity burnt:spark but it was marked as removed already
[02Nov2024 01:44:09.077] [Server thread/WARN] [net.minecraft.server.level.ServerLevel/]: Tried to add entity burnt:spark but it was marked as removed already
[02Nov2024 01:44:09.078] [Server thread/WARN] [net.minecraft.server.level.ServerLevel/]: Tried to add entity burnt:spark but it was marked as removed already
[02Nov2024 01:44:11.034] [Server thread/WARN] [net.minecraft.server.level.ServerLevel/]: Tried to add entity burnt:spark but it was marked as removed already
[02Nov2024 01:44:11.035] [Server thread/WARN] [net.minecraft.server.level.ServerLevel/]: Tried to add entity burnt:spark but it was marked as removed already
[02Nov2024 01:44:11.035] [Server thread/WARN] [net.minecraft.server.level.ServerLevel/]: Tried to add entity burnt:spark but it was marked as removed already
[02Nov2024 01:44:16.728] [Server thread/WARN] [net.minecraft.server.level.ServerLevel/]: Tried to add entity burnt:spark but it was marked as removed already
[02Nov2024 01:44:16.729] [Server thread/WARN] [net.minecraft.server.level.ServerLevel/]: Tried to add entity burnt:spark but it was marked as removed already
[02Nov2024 01:44:16.729] [Server thread/WARN] [net.minecraft.server.level.ServerLevel/]: Tried to add entity burnt:spark but it was marked as removed already
[02Nov2024 01:44:18.330] [Server thread/WARN] [net.minecraft.server.level.ServerLevel/]: Tried to add entity burnt:spark but it was marked as removed already
[02Nov2024 01:44:18.331] [Server thread/WARN] [net.minecraft.server.level.ServerLevel/]: Tried to add entity burnt:spark but it was marked as removed already
[02Nov2024 01:44:18.331] [Server thread/WARN] [net.minecraft.server.level.ServerLevel/]: Tried to add entity burnt:spark but it was marked as removed already
[02Nov2024 01:44:19.889] [Server thread/WARN] [net.minecraft.server.level.ServerLevel/]: Tried to add entity burnt:spark but it was marked as removed already
[02Nov2024 01:44:19.889] [Server thread/WARN] [net.minecraft.server.level.ServerLevel/]: Tried to add entity burnt:spark but it was marked as removed already
[02Nov2024 01:44:19.889] [Server thread/WARN] [net.minecraft.server.level.ServerLevel/]: Tried to add entity burnt:spark but it was marked as removed already
[02Nov2024 01:44:19.951] [Server thread/WARN] [net.minecraft.server.level.ServerLevel/]: Tried to add entity burnt:spark but it was marked as removed already
[02Nov2024 01:44:19.952] [Server thread/WARN] [net.minecraft.server.level.ServerLevel/]: Tried to add entity burnt:spark but it was marked as removed already
[02Nov2024 01:44:19.952] [Server thread/WARN] [net.minecraft.server.level.ServerLevel/]: Tried to add entity burnt:spark but it was marked as removed already
[02Nov2024 01:48:50.598] [Server thread/INFO] [net.minecraft.server.MinecraftServer/]: Francohh died
[02Nov2024 01:52:42.862] [Server thread/INFO] [net.minecraft.server.MinecraftServer/]: Lvpvss died
[02Nov2024 01:53:07.554] [Server thread/INFO] [net.minecraft.server.MinecraftServer/]: Francohh was slain by canechi
[02Nov2024 01:53:15.307] [Server thread/WARN] [net.minecraft.server.level.ServerLevel/]: Tried to add entity burnt:spark but it was marked as removed already
[02Nov2024 01:53:15.308] [Server thread/WARN] [net.minecraft.server.level.ServerLevel/]: Tried to add entity burnt:spark but it was marked as removed already
[02Nov2024 01:53:15.308] [Server thread/WARN] [net.minecraft.server.level.ServerLevel/]: Tried to add entity burnt:spark but it was marked as removed already
[02Nov2024 01:53:15.787] [Server thread/WARN] [net.minecraft.server.level.ServerLevel/]: Tried to add entity burnt:spark but it was marked as removed already
[02Nov2024 01:53:15.883] [Server thread/WARN] [net.minecraft.server.level.ServerLevel/]: Tried to add entity burnt:spark but it was marked as removed already
[02Nov2024 01:53:18.082] [Server thread/WARN] [net.minecraft.server.level.ServerLevel/]: Tried to add entity burnt:spark but it was marked as removed already
[02Nov2024 01:53:18.083] [Server thread/WARN] [net.minecraft.server.level.ServerLevel/]: Tried to add entity burnt:spark but it was marked as removed already
[02Nov2024 01:53:22.980] [Server thread/WARN] [net.minecraft.server.level.ServerLevel/]: Tried to add entity burnt:spark but it was marked as removed already
[02Nov2024 01:53:34.979] [Server thread/WARN] [net.minecraft.server.level.ServerLevel/]: Tried to add entity burnt:spark but it was marked as removed already
[02Nov2024 01:53:34.980] [Server thread/WARN] [net.minecraft.server.level.ServerLevel/]: Tried to add entity burnt:spark but it was marked as removed already
[02Nov2024 01:53:34.980] [Server thread/WARN] [net.minecraft.server.level.ServerLevel/]: Tried to add entity burnt:spark but it was marked as removed already
[02Nov2024 01:54:21.688] [Server thread/INFO] [net.minecraft.server.MinecraftServer/]: Francohh died
[02Nov2024 01:54:34.191] [Server thread/INFO] [net.minecraft.server.MinecraftServer/]: Francohh died
[02Nov2024 01:54:42.887] [Server thread/INFO] [net.minecraft.server.MinecraftServer/]: Lvpvss died
[02Nov2024 01:54:46.040] [Server thread/INFO] [net.minecraft.server.MinecraftServer/]: Francohh died
[02Nov2024 01:55:52.846] [Server thread/INFO] [net.minecraft.server.MinecraftServer/]: Lvpvss died
[02Nov2024 01:57:36.953] [Server thread/INFO] [net.minecraft.server.MinecraftServer/]: Lvpvss died
[02Nov2024 02:00:39.443] [Server thread/INFO] [net.minecraft.server.MinecraftServer/]: Lvpvss died
[02Nov2024 02:01:19.937] [Server thread/INFO] [net.minecraft.server.MinecraftServer/]: Lvpvss died
[02Nov2024 02:01:35.793] [Server thread/INFO] [net.minecraft.server.MinecraftServer/]: Francohh was shot by Skeleton
[02Nov2024 02:01:37.057] [Server thread/INFO] [net.minecraft.server.MinecraftServer/]: myrtila died
[02Nov2024 02:01:38.510] [Server thread/INFO] [net.minecraft.server.MinecraftServer/]: Lvpvss died
[02Nov2024 02:01:52.065] [Server thread/INFO] [net.minecraft.server.MinecraftServer/]: myrtila died
[02Nov2024 02:02:52.212] [Server thread/INFO] [net.minecraft.server.MinecraftServer/]: myrtila died
[02Nov2024 02:02:59.897] [Server thread/INFO] [net.minecraft.server.MinecraftServer/]: Francohh died
[02Nov2024 02:03:17.394] [Server thread/INFO] [net.minecraft.server.MinecraftServer/]: Francohh died
[02Nov2024 02:04:02.712] [Server thread/INFO] [net.minecraft.server.MinecraftServer/]: <canechi> chi deve dormire daidadidaiaiadiiad
[02Nov2024 02:04:03.645] [Server thread/INFO] [net.minecraft.server.MinecraftServer/]: <canechi> daidaidiai
[02Nov2024 02:04:04.246] [Server thread/INFO] [net.minecraft.server.MinecraftServer/]: <canechi> daiadiaidadi
[02Nov2024 02:04:05.278] [Server thread/INFO] [net.minecraft.server.MinecraftServer/]: <canechi> daidiadiadi
[02Nov2024 02:04:24.518] [Server thread/INFO] [net.minecraft.server.MinecraftServer/]: <Francohh> daidaidaidaidaidaidaidaidaidaidiadaidiadiaidiaidiadiadidiii
[02Nov2024 02:04:27.933] [Server thread/INFO] [net.minecraft.server.MinecraftServer/]: <canechi> daiiiiiiiiiiiiiii
[02Nov2024 02:04:30.658] [Server thread/INFO] [net.minecraft.server.MinecraftServer/]: <canechi> daiiiiiiiiiiiiiiiiiii
[02Nov2024 02:04:31.935] [Server thread/INFO] [net.minecraft.server.MinecraftServer/]: <canechi> daiiiiiiiiiiiiiiiii
[02Nov2024 02:04:33.119] [Server thread/INFO] [net.minecraft.server.MinecraftServer/]: <canechi> daiiiiiiiiiiiii
[02Nov2024 02:04:34.616] [Server thread/INFO] [net.minecraft.server.MinecraftServer/]: <canechi> daiiiiiiiiiii
[02Nov2024 02:04:35.487] [Server thread/INFO] [net.minecraft.server.MinecraftServer/]: <canechi> daiiiiiiiiiiii
[02Nov2024 02:04:36.781] [Server thread/INFO] [net.minecraft.server.MinecraftServer/]: <canechi> daiiiiiiiiiiiii
[02Nov2024 02:04:39.001] [Server thread/INFO] [net.minecraft.server.MinecraftServer/]: <canechi> daiiiiiiiiiiiii
[02Nov2024 02:04:44.541] [Server thread/INFO] [net.minecraft.server.MinecraftServer/]: <Lvpvss> o porcoddiooo
[02Nov2024 02:04:46.596] [Server thread/INFO] [net.minecraft.server.MinecraftServer/]: <Francohh> gli è scomparso lo zaino aspe
[02Nov2024 02:04:56.829] [Server thread/INFO] [net.minecraft.server.MinecraftServer/]: <canechi> non si bestemmia dai
[02Nov2024 02:05:01.768] [Server thread/INFO] [net.minecraft.server.MinecraftServer/]: <canechi> io sono credente
[02Nov2024 02:05:27.676] [Server thread/INFO] [net.minecraft.server.MinecraftServer/]: <Lvpvss> è mattina
[02Nov2024 02:05:33.930] [Server thread/INFO] [net.minecraft.server.MinecraftServer/]: <Francohh> non si può dormire lol
[02Nov2024 02:05:42.596] [Server thread/INFO] [net.minecraft.server.MinecraftServer/]: <Francohh> dai
[02Nov2024 02:08:52.094] [Server thread/INFO] [net.minecraft.server.MinecraftServer/]: Lvpvss died
[02Nov2024 02:09:27.650] [Server thread/INFO] [net.minecraft.server.MinecraftServer/]: Lvpvss died
[02Nov2024 02:11:36.782] [Server thread/INFO] [net.minecraft.server.MinecraftServer/]: Francohh was slain by canechi
[02Nov2024 02:15:27.705] [Server thread/INFO] [net.minecraft.server.MinecraftServer/]: Francohh has made the advancement [A Seedy Place]
[02Nov2024 02:15:33.224] [Server thread/INFO] [net.minecraft.server.MinecraftServer/]: [Not Secure] [Server] dai
[02Nov2024 02:17:10.449] [Server thread/INFO] [net.minecraft.server.network.ServerGamePacketListenerImpl/]: Francohh lost connection: Disconnected
[02Nov2024 02:17:10.450] [Server thread/INFO] [net.minecraft.server.MinecraftServer/]: Francohh left the game
[02Nov2024 02:17:10.450] [Server thread/INFO] [com.alrex.parcool.ParCool/]: Limitation of e454ea27-4d09-4d4b-96e9-ed2354294ea3 was unloaded
[02Nov2024 02:17:10.451] [Server thread/INFO] [voicechat/]: [voicechat] Disconnecting client Francohh
[02Nov2024 02:18:50.125] [Server thread/INFO] [net.minecraft.server.MinecraftServer/]: Lvpvss was slain by Zombie using [Dagger]
[02Nov2024 02:18:58.758] [Server thread/INFO] [net.minecraft.server.MinecraftServer/]: myrtila died
[02Nov2024 02:21:32.140] [Server thread/INFO] [net.minecraft.server.MinecraftServer/]: canechi has made the advancement [Take Aim]
[02Nov2024 02:24:02.341] [Server thread/INFO] [net.minecraft.server.network.ServerGamePacketListenerImpl/]: canechi lost connection: Disconnected
[02Nov2024 02:24:02.342] [Server thread/INFO] [net.minecraft.server.MinecraftServer/]: canechi left the game
[02Nov2024 02:24:02.342] [Server thread/INFO] [com.alrex.parcool.ParCool/]: Limitation of 2b56b283-efc4-4fb1-931c-f6768191c22d was unloaded
[02Nov2024 02:24:02.342] [Server thread/INFO] [voicechat/]: [voicechat] Disconnecting client canechi
[02Nov2024 02:24:06.135] [Server thread/INFO] [net.minecraft.server.network.ServerGamePacketListenerImpl/]: Lvpvss lost connection: Disconnected
[02Nov2024 02:24:06.135] [Server thread/INFO] [net.minecraft.server.MinecraftServer/]: Lvpvss left the game
[02Nov2024 02:24:06.135] [Server thread/INFO] [com.alrex.parcool.ParCool/]: Limitation of 791753db-d7de-4bfc-8696-127bf4332777 was unloaded
[02Nov2024 02:24:06.136] [Server thread/INFO] [voicechat/]: [voicechat] Disconnecting client Lvpvss
[02Nov2024 02:24:06.232] [Server thread/INFO] [net.minecraft.server.network.ServerGamePacketListenerImpl/]: myrtila lost connection: Disconnected
[02Nov2024 02:24:06.232] [Server thread/INFO] [net.minecraft.server.MinecraftServer/]: myrtila left the game
[02Nov2024 02:24:06.232] [Server thread/INFO] [com.alrex.parcool.ParCool/]: Limitation of ddb4f98b-5733-400b-bd26-64abe2ec652c was unloaded
[02Nov2024 02:24:06.232] [Server thread/INFO] [voicechat/]: [voicechat] Disconnecting client myrtila
[02Nov2024 02:24:44.973] [Server thread/INFO] [net.minecraft.server.MinecraftServer/]: Stopping the server
[02Nov2024 02:24:45.021] [Server thread/INFO] [net.minecraft.server.MinecraftServer/]: Stopping server
[02Nov2024 02:24:45.022] [Physics thread/INFO] [Burger Factory/]: Deleting VSPhysicsPipelineStage resources!
[02Nov2024 02:24:45.022] [Server thread/INFO] [net.minecraft.server.MinecraftServer/]: Saving players
[02Nov2024 02:24:45.022] [Server thread/INFO] [net.minecraft.server.MinecraftServer/]: Saving worlds
[02Nov2024 02:24:45.023] [Physics thread/WARN] [org.valkyrienskies.core.impl.shadow.Ap/]: Physics pipeline ending
[02Nov2024 02:24:45.044] [DefaultDispatcher-worker-4/INFO] [Burger Factory/]: VSPhysicsPipelineStage is fully deleted!
[02Nov2024 02:24:45.868] [Server thread/INFO] [net.minecraft.server.MinecraftServer/]: Saving chunks for level 'ServerLevel[world]'/minecraft:overworld
[02Nov2024 02:25:06.755] [Server thread/INFO] [net.minecraft.server.MinecraftServer/]: Saving chunks for level 'ServerLevel[world]'/minecraft:the_end
[02Nov2024 02:25:06.756] [Server thread/INFO] [net.minecraft.server.MinecraftServer/]: Saving chunks for level 'ServerLevel[world]'/deeperdarker:otherside
[02Nov2024 02:25:06.757] [Server thread/INFO] [net.minecraft.server.MinecraftServer/]: Saving chunks for level 'ServerLevel[world]'/minecraft:the_nether
[02Nov2024 02:25:06.763] [Server thread/INFO] [net.minecraft.server.MinecraftServer/]: Saving chunks for level 'ServerLevel[world]'/graveyard:past
[02Nov2024 02:25:07.312] [Server thread/INFO] [net.minecraft.server.MinecraftServer/]: ThreadedAnvilChunkStorage (world): All chunks are saved
[02Nov2024 02:25:07.312] [Server thread/INFO] [net.minecraft.server.MinecraftServer/]: ThreadedAnvilChunkStorage (DIM1): All chunks are saved
[02Nov2024 02:25:07.312] [Server thread/INFO] [net.minecraft.server.MinecraftServer/]: ThreadedAnvilChunkStorage (otherside): All chunks are saved
[02Nov2024 02:25:07.312] [Server thread/INFO] [net.minecraft.server.MinecraftServer/]: ThreadedAnvilChunkStorage (DIM-1): All chunks are saved
[02Nov2024 02:25:07.312] [Server thread/INFO] [net.minecraft.server.MinecraftServer/]: ThreadedAnvilChunkStorage (past): All chunks are saved
[02Nov2024 02:25:07.312] [Server thread/INFO] [net.minecraft.server.MinecraftServer/]: ThreadedAnvilChunkStorage: All dimensions are saved
